Loading db file '/fs/student/deeksha/Documents/Projects/dc_blake/src/osu035_stdcells.db'
Information: Propagating switching activity (low effort zero delay simulation). (PWR-6)
Warning: Design has unannotated primary inputs. (PWR-414)
Warning: Design has unannotated sequential cell outputs. (PWR-415)
 
****************************************
Report : power
        -analysis_effort low
Design : blake2
Version: J-2014.09-SP2
Date   : Fri Nov 11 09:24:03 2016
****************************************


Library(s) Used:

    osu035_stdcells (File: /fs/student/deeksha/Documents/Projects/dc_blake/src/osu035_stdcells.db)


Operating Conditions: typical   Library: osu035_stdcells
Wire Load Model Mode: top


Global Operating Voltage = 3.3  
Power-specific unit information :
    Voltage Units = 1V
    Capacitance Units = 1.000000pf
    Time Units = 1ns
    Dynamic Power Units = 1mW    (derived from V,C,T units)
    Leakage Power Units = 1nW


  Cell Internal Power  =   3.4222 mW   (78%)
  Net Switching Power  = 969.6644 uW   (22%)
                         ---------
Total Dynamic Power    =   4.3919 mW  (100%)

Cell Leakage Power     =   2.1572 uW


                 Internal         Switching           Leakage            Total
Power Group      Power            Power               Power              Power   (   %    )  Attrs
--------------------------------------------------------------------------------------------------
io_pad             0.0000            0.0000            0.0000            0.0000  (   0.00%)
memory             0.0000            0.0000            0.0000            0.0000  (   0.00%)
black_box          0.0000            0.0000            0.0000            0.0000  (   0.00%)
clock_network      0.0000            0.0000            0.0000            0.0000  (   0.00%)
register           2.7528        7.1324e-02          753.3446            2.8249  (  64.29%)
sequential     6.9085e-02        7.3812e-02           67.8985            0.1430  (   3.25%)
combinational      0.6004            0.8245        1.3360e+03            1.4262  (  32.46%)
--------------------------------------------------------------------------------------------------
Total              3.4222 mW         0.9696 mW     2.1572e+03 nW         4.3940 mW
1
